TAP version 13
ok 1 - sync pass todo # TODO
  ---
  duration_ms: *
  ...
ok 2 - sync pass todo with message # TODO this is a passing todo
  ---
  duration_ms: *
  ...
not ok 3 - sync fail todo # TODO
  ---
  duration_ms: *
  failureType: 'testCodeFailure'
  error: 'thrown from sync fail todo'
  code: 'ERR_TEST_FAILURE'
  stack: |-
    *
    *
    *
    *
    *
    *
    *
  ...
not ok 4 - sync fail todo with message # TODO this is a failing todo
  ---
  duration_ms: *
  failureType: 'testCodeFailure'
  error: 'thrown from sync fail todo with message'
  code: 'ERR_TEST_FAILURE'
  stack: |-
    *
    *
    *
    *
    *
    *
    *
    *
    *
    *
  ...
ok 5 - sync skip pass # SKIP
  ---
  duration_ms: *
  ...
ok 6 - sync skip pass with message # SKIP this is skipped
  ---
  duration_ms: *
  ...
ok 7 - sync pass
  ---
  duration_ms: *
  ...
not ok 8 - sync throw fail
  ---
  duration_ms: *
  failureType: 'testCodeFailure'
  error: 'thrown from sync throw fail'
  code: 'ERR_TEST_FAILURE'
  stack: |-
    *
    *
    *
    *
    *
    *
    *
  ...
ok 9 - async skip pass # SKIP
  ---
  duration_ms: *
  ...
ok 10 - async pass
  ---
  duration_ms: *
  ...
not ok 11 - async throw fail
  ---
  duration_ms: *
  failureType: 'testCodeFailure'
  error: 'thrown from async throw fail'
  code: 'ERR_TEST_FAILURE'
  stack: |-
    *
    *
    *
    *
    *
    *
    *
  ...
not ok 12 - async assertion fail
  ---
  duration_ms: *
  failureType: 'testCodeFailure'
  error: |-
    Expected values to be strictly equal:

    true !== false

  code: 'ERR_ASSERTION'
  stack: |-
    *
    *
    *
    *
    *
    *
    *
  ...
ok 13 - resolve pass
  ---
  duration_ms: *
  ...
not ok 14 - reject fail
  ---
  duration_ms: *
  failureType: 'testCodeFailure'
  error: 'rejected from reject fail'
  code: 'ERR_TEST_FAILURE'
  stack: |-
    *
    *
    *
    *
    *
    *
    *
  ...
ok 15 - unhandled rejection - passes but warns
  ---
  duration_ms: *
  ...
ok 16 - async unhandled rejection - passes but warns
  ---
  duration_ms: *
  ...
ok 17 - immediate throw - passes but warns
  ---
  duration_ms: *
  ...
ok 18 - immediate reject - passes but warns
  ---
  duration_ms: *
  ...
ok 19 - immediate resolve pass
  ---
  duration_ms: *
  ...
    not ok 1 - +sync throw fail
      ---
      duration_ms: *
      failureType: 'testCodeFailure'
      error: 'thrown from subtest sync throw fail'
      code: 'ERR_TEST_FAILURE'
      stack: |-
        *
        *
        *
        *
        *
        *
      ...
    1..1
not ok 20 - subtest sync throw fail
  ---
  duration_ms: *
  failureType: 'subtestsFailed'
  error: '1 subtest failed'
  code: 'ERR_TEST_FAILURE'
  ...
not ok 21 - sync throw non-error fail
  ---
  duration_ms: *
  failureType: 'testCodeFailure'
  error: 'Symbol(thrown symbol from sync throw non-error fail)'
  code: 'ERR_TEST_FAILURE'
  ...
    ok 1 - level 1a
      ---
      duration_ms: *
      ...
    ok 2 - level 1b
      ---
      duration_ms: *
      ...
    ok 3 - level 1c
      ---
      duration_ms: *
      ...
    ok 4 - level 1d
      ---
      duration_ms: *
      ...
    1..4
ok 22 - level 0a
  ---
  duration_ms: *
  ...
    ok 1 - +long running
      ---
      duration_ms: *
      ...
        ok 1 - ++short running
          ---
          duration_ms: *
          ...
        1..1
    ok 2 - +short running
      ---
      duration_ms: *
      ...
    1..2
ok 23 - top level
  ---
  duration_ms: *
  ...
ok 24 - invalid subtest - pass but subtest fails
  ---
  duration_ms: *
  ...
ok 25 - sync skip option # SKIP
  ---
  duration_ms: *
  ...
ok 26 - sync skip option with message # SKIP this is skipped
  ---
  duration_ms: *
  ...
not ok 27 - sync skip option is false fail
  ---
  duration_ms: *
  failureType: 'testCodeFailure'
  error: 'this should be executed'
  code: 'ERR_TEST_FAILURE'
  stack: |-
    *
    *
    *
    *
    *
    *
    *
  ...
ok 28 - <anonymous>
  ---
  duration_ms: *
  ...
ok 29 - functionOnly
  ---
  duration_ms: *
  ...
ok 30 - <anonymous>
  ---
  duration_ms: *
  ...
ok 31 - test with only a name provided
  ---
  duration_ms: *
  ...
ok 32 - <anonymous>
  ---
  duration_ms: *
  ...
ok 33 - <anonymous> # SKIP
  ---
  duration_ms: *
  ...
ok 34 - test with a name and options provided # SKIP
  ---
  duration_ms: *
  ...
ok 35 - functionAndOptions # SKIP
  ---
  duration_ms: *
  ...
ok 36 - escaped description \\ \# \\\#\\
  ---
  duration_ms: *
  ...
ok 37 - escaped skip message # SKIP \#skip
  ---
  duration_ms: *
  ...
ok 38 - escaped todo message # TODO \#todo
  ---
  duration_ms: *
  ...
ok 39 - callback pass
  ---
  duration_ms: *
  ...
not ok 40 - callback fail
  ---
  duration_ms: *
  failureType: 'testCodeFailure'
  error: 'callback failure'
  code: 'ERR_TEST_FAILURE'
  stack: |-
    *
    *
  ...
ok 41 - sync t is this in test
  ---
  duration_ms: *
  ...
ok 42 - async t is this in test
  ---
  duration_ms: *
  ...
ok 43 - callback t is this in test
  ---
  duration_ms: *
  ...
not ok 44 - callback also returns a Promise
  ---
  duration_ms: *
  failureType: 'callbackAndPromisePresent'
  error: 'passed a callback but also returned a Promise'
  code: 'ERR_TEST_FAILURE'
  ...
not ok 45 - callback throw
  ---
  duration_ms: *
  failureType: 'testCodeFailure'
  error: 'thrown from callback throw'
  code: 'ERR_TEST_FAILURE'
  stack: |-
    *
    *
    *
    *
    *
    *
    *
  ...
not ok 46 - callback called twice
  ---
  duration_ms: *
  failureType: 'multipleCallbackInvocations'
  error: 'callback invoked multiple times'
  code: 'ERR_TEST_FAILURE'
  stack: |-
    *
    *
  ...
ok 47 - callback called twice in different ticks
  ---
  duration_ms: *
  ...
not ok 48 - callback called twice in future tick
  ---
  duration_ms: *
  failureType: 'uncaughtException'
  error: 'callback invoked multiple times'
  code: 'ERR_TEST_FAILURE'
  stack: |-
    *
  ...
not ok 49 - callback async throw
  ---
  duration_ms: *
  failureType: 'uncaughtException'
  error: 'thrown from callback async throw'
  code: 'ERR_TEST_FAILURE'
  stack: |-
    *
  ...
ok 50 - callback async throw after done
  ---
  duration_ms: *
  ...
not ok 51 - custom inspect symbol fail
  ---
  duration_ms: *
  failureType: 'testCodeFailure'
  error: 'customized'
  code: 'ERR_TEST_FAILURE'
  ...
not ok 52 - custom inspect symbol that throws fail
  ---
  duration_ms: *
  failureType: 'testCodeFailure'
  error: |-
    {
      foo: 1,
      [Symbol(nodejs.util.inspect.custom)]: [Function: [nodejs.util.inspect.custom]]
    }
  code: 'ERR_TEST_FAILURE'
  ...
    not ok 1 - sync throw fails at first
      ---
      duration_ms: *
      failureType: 'testCodeFailure'
      error: 'thrown from subtest sync throw fails at first'
      code: 'ERR_TEST_FAILURE'
      stack: |-
        *
        *
        *
        *
        *
        *
        *
      ...
    not ok 2 - sync throw fails at second
      ---
      duration_ms: *
      failureType: 'testCodeFailure'
      error: 'thrown from subtest sync throw fails at second'
      code: 'ERR_TEST_FAILURE'
      stack: |-
        *
        *
        *
        *
        *
        *
      ...
    1..2
not ok 53 - subtest sync throw fails
  ---
  duration_ms: *
  failureType: 'subtestsFailed'
  error: '2 subtests failed'
  code: 'ERR_TEST_FAILURE'
  ...
not ok 54 - invalid subtest fail
  ---
  duration_ms: *
  failureType: 'parentAlreadyFinished'
  error: 'test could not be started because its parent finished'
  code: 'ERR_TEST_FAILURE'
  stack: |-
    *
  ...
1..54
# Warning: Test "unhandled rejection - passes but warns" generated asynchronous activity after the test ended. This activity created the error "Error: rejected from unhandled rejection fail" and would have caused the test to fail, but instead triggered an unhandledRejection event.
# Warning: Test "async unhandled rejection - passes but warns" generated asynchronous activity after the test ended. This activity created the error "Error: rejected from async unhandled rejection fail" and would have caused the test to fail, but instead triggered an unhandledRejection event.
# Warning: Test "immediate throw - passes but warns" generated asynchronous activity after the test ended. This activity created the error "Error: thrown from immediate throw fail" and would have caused the test to fail, but instead triggered an uncaughtException event.
# Warning: Test "immediate reject - passes but warns" generated asynchronous activity after the test ended. This activity created the error "Error: rejected from immediate reject fail" and would have caused the test to fail, but instead triggered an unhandledRejection event.
# Warning: Test "callback called twice in different ticks" generated asynchronous activity after the test ended. This activity created the error "Error [ERR_TEST_FAILURE]: callback invoked multiple times" and would have caused the test to fail, but instead triggered an uncaughtException event.
# Warning: Test "callback async throw after done" generated asynchronous activity after the test ended. This activity created the error "Error: thrown from callback async throw after done" and would have caused the test to fail, but instead triggered an uncaughtException event.
# tests 54
# pass 23
# fail 17
# skipped 9
# todo 5
# duration_ms *
